<?xml version="1.0" encoding="UTF-8"?>
<testng-results skipped="1" failed="1" ignored="0" total="4" passed="2">
  <reporter-output>
  </reporter-output>
  <suite name="Default suite" duration-ms="24103" started-at="2022-02-15T20:04:46 IST" finished-at="2022-02-15T20:05:10 IST">
    <groups>
    </groups>
    <test name="Default test" duration-ms="24103" started-at="2022-02-15T20:04:46 IST" finished-at="2022-02-15T20:05:10 IST">
      <class name="tests.HTTPTutorialPageTests">
        <test-method status="PASS" signature="inItPageFunctions()[pri:0, instance:tests.HTTPTutorialPageTests@5bcea91b]" name="inItPageFunctions" is-config="true" duration-ms="14" started-at="2022-02-15T20:04:46 IST" finished-at="2022-02-15T20:04:46 IST">
          <reporter-output>
          </reporter-output>
        </test-method> <!-- inItPageFunctions -->
        <test-method status="PASS" signature="inItBrowser()[pri:0, instance:tests.HTTPTutorialPageTests@5bcea91b]" name="inItBrowser" is-config="true" duration-ms="3038" started-at="2022-02-15T20:04:46 IST" finished-at="2022-02-15T20:04:49 IST">
          <reporter-output>
          </reporter-output>
        </test-method> <!-- inItBrowser -->
        <test-method status="PASS" signature="checkOverViewSectionTest()[pri:0, instance:tests.HTTPTutorialPageTests@5bcea91b]" name="checkOverViewSectionTest" duration-ms="7858" started-at="2022-02-15T20:04:49 IST" finished-at="2022-02-15T20:04:57 IST">
          <reporter-output>
          </reporter-output>
        </test-method> <!-- checkOverViewSectionTest -->
        <test-method status="PASS" signature="tearDownBrowser(org.testng.ITestResult)[pri:0, instance:tests.HTTPTutorialPageTests@5bcea91b]" name="tearDownBrowser" is-config="true" duration-ms="761" started-at="2022-02-15T20:04:57 IST" finished-at="2022-02-15T20:04:57 IST">
          <params>
            <param index="0">
              <value>
                <![CDATA[[TestResult name=checkOverViewSectionTest status=SUCCESS method=HTTPTutorialPageTests.checkOverViewSectionTest()[pri:0, instance:tests.HTTPTutorialPageTests@5bcea91b] output={null}]]]>
              </value>
            </param>
          </params>
          <reporter-output>
          </reporter-output>
        </test-method> <!-- tearDownBrowser -->
        <test-method status="PASS" signature="inItBrowser()[pri:0, instance:tests.HTTPTutorialPageTests@5bcea91b]" name="inItBrowser" is-config="true" duration-ms="1696" started-at="2022-02-15T20:04:57 IST" finished-at="2022-02-15T20:04:59 IST">
          <reporter-output>
          </reporter-output>
        </test-method> <!-- inItBrowser -->
        <test-method status="FAIL" signature="failingTest()[pri:0, instance:tests.HTTPTutorialPageTests@5bcea91b]" name="failingTest" duration-ms="3" started-at="2022-02-15T20:04:59 IST" finished-at="2022-02-15T20:04:59 IST">
          <exception class="java.lang.Exception">
            <message>
              <![CDATA[Fail]]>
            </message>
            <full-stacktrace>
              <![CDATA[java.lang.Exception: Fail
at tests.HTTPTutorialPageTests.failingTest(HTTPTutorialPageTests.java:28)
at sun.reflect.NativeMethodAccessorImpl.invoke0(Native Method)
at sun.reflect.NativeMethodAccessorImpl.invoke(NativeMethodAccessorImpl.java:62)
at sun.reflect.DelegatingMethodAccessorImpl.invoke(DelegatingMethodAccessorImpl.java:43)
at java.lang.reflect.Method.invoke(Method.java:498)
at org.testng.internal.MethodInvocationHelper.invokeMethod(MethodInvocationHelper.java:133)
at org.testng.internal.TestInvoker.invokeMethod(TestInvoker.java:598)
at org.testng.internal.TestInvoker.invokeTestMethod(TestInvoker.java:173)
at org.testng.internal.MethodRunner.runInSequence(MethodRunner.java:46)
at org.testng.internal.TestInvoker$MethodInvocationAgent.invoke(TestInvoker.java:824)
at org.testng.internal.TestInvoker.invokeTestMethods(TestInvoker.java:146)
at org.testng.internal.TestMethodWorker.invokeTestMethods(TestMethodWorker.java:146)
at org.testng.internal.TestMethodWorker.run(TestMethodWorker.java:128)
at java.util.ArrayList.forEach(ArrayList.java:1259)
at org.testng.TestRunner.privateRun(TestRunner.java:794)
at org.testng.TestRunner.run(TestRunner.java:596)
at org.testng.SuiteRunner.runTest(SuiteRunner.java:377)
at org.testng.SuiteRunner.runSequentially(SuiteRunner.java:371)
at org.testng.SuiteRunner.privateRun(SuiteRunner.java:332)
at org.testng.SuiteRunner.run(SuiteRunner.java:276)
at org.testng.SuiteRunnerWorker.runSuite(SuiteRunnerWorker.java:53)
at org.testng.SuiteRunnerWorker.run(SuiteRunnerWorker.java:96)
at org.testng.TestNG.runSuitesSequentially(TestNG.java:1212)
at org.testng.TestNG.runSuitesLocally(TestNG.java:1134)
at org.testng.TestNG.runSuites(TestNG.java:1063)
at org.testng.TestNG.run(TestNG.java:1031)
at org.testng.remote.AbstractRemoteTestNG.run(AbstractRemoteTestNG.java:115)
at org.testng.remote.RemoteTestNG.initAndRun(RemoteTestNG.java:251)
at org.testng.remote.RemoteTestNG.main(RemoteTestNG.java:77)
]]>
            </full-stacktrace>
          </exception> <!-- java.lang.Exception -->
          <reporter-output>
          </reporter-output>
        </test-method> <!-- failingTest -->
        <test-method status="PASS" signature="tearDownBrowser(org.testng.ITestResult)[pri:0, instance:tests.HTTPTutorialPageTests@5bcea91b]" name="tearDownBrowser" is-config="true" duration-ms="772" started-at="2022-02-15T20:04:59 IST" finished-at="2022-02-15T20:05:00 IST">
          <params>
            <param index="0">
              <value>
                <![CDATA[[TestResult name=failingTest status=FAILURE method=HTTPTutorialPageTests.failingTest()[pri:0, instance:tests.HTTPTutorialPageTests@5bcea91b] output={null}]]]>
              </value>
            </param>
          </params>
          <reporter-output>
          </reporter-output>
        </test-method> <!-- tearDownBrowser -->
        <test-method status="PASS" signature="inItBrowser()[pri:0, instance:tests.HTTPTutorialPageTests@5bcea91b]" name="inItBrowser" is-config="true" duration-ms="1468" started-at="2022-02-15T20:05:00 IST" finished-at="2022-02-15T20:05:01 IST">
          <reporter-output>
          </reporter-output>
        </test-method> <!-- inItBrowser -->
        <test-method status="PASS" signature="verifyPageCanBeAccessedTest()[pri:0, instance:tests.HTTPTutorialPageTests@5bcea91b]" name="verifyPageCanBeAccessedTest" duration-ms="7740" started-at="2022-02-15T20:05:01 IST" finished-at="2022-02-15T20:05:09 IST">
          <reporter-output>
          </reporter-output>
        </test-method> <!-- verifyPageCanBeAccessedTest -->
        <test-method status="PASS" signature="tearDownBrowser(org.testng.ITestResult)[pri:0, instance:tests.HTTPTutorialPageTests@5bcea91b]" name="tearDownBrowser" is-config="true" duration-ms="686" started-at="2022-02-15T20:05:09 IST" finished-at="2022-02-15T20:05:10 IST">
          <params>
            <param index="0">
              <value>
                <![CDATA[[TestResult name=verifyPageCanBeAccessedTest status=SUCCESS method=HTTPTutorialPageTests.verifyPageCanBeAccessedTest()[pri:0, instance:tests.HTTPTutorialPageTests@5bcea91b] output={null}]]]>
              </value>
            </param>
          </params>
          <reporter-output>
          </reporter-output>
        </test-method> <!-- tearDownBrowser -->
        <test-method status="SKIP" signature="skipThisTest()[pri:0, instance:tests.HTTPTutorialPageTests@5bcea91b]" name="skipThisTest" duration-ms="0" started-at="2022-02-15T20:05:10 IST" depends-on-methods="tests.HTTPTutorialPageTests.failingTest" finished-at="2022-02-15T20:05:10 IST">
          <exception class="java.lang.Throwable">
            <message>
              <![CDATA[Method HTTPTutorialPageTests.skipThisTest()[pri:0, instance:tests.HTTPTutorialPageTests@5bcea91b] depends on not successfully finished methods]]>
            </message>
            <full-stacktrace>
              <![CDATA[java.lang.Throwable: Method HTTPTutorialPageTests.skipThisTest()[pri:0, instance:tests.HTTPTutorialPageTests@5bcea91b] depends on not successfully finished methods
at org.testng.internal.TestInvoker.invokeTestMethods(TestInvoker.java:102)
at org.testng.internal.TestMethodWorker.invokeTestMethods(TestMethodWorker.java:146)
at org.testng.internal.TestMethodWorker.run(TestMethodWorker.java:128)
at java.util.ArrayList.forEach(ArrayList.java:1259)
at org.testng.TestRunner.privateRun(TestRunner.java:794)
at org.testng.TestRunner.run(TestRunner.java:596)
at org.testng.SuiteRunner.runTest(SuiteRunner.java:377)
at org.testng.SuiteRunner.runSequentially(SuiteRunner.java:371)
at org.testng.SuiteRunner.privateRun(SuiteRunner.java:332)
at org.testng.SuiteRunner.run(SuiteRunner.java:276)
at org.testng.SuiteRunnerWorker.runSuite(SuiteRunnerWorker.java:53)
at org.testng.SuiteRunnerWorker.run(SuiteRunnerWorker.java:96)
at org.testng.TestNG.runSuitesSequentially(TestNG.java:1212)
at org.testng.TestNG.runSuitesLocally(TestNG.java:1134)
at org.testng.TestNG.runSuites(TestNG.java:1063)
at org.testng.TestNG.run(TestNG.java:1031)
at org.testng.remote.AbstractRemoteTestNG.run(AbstractRemoteTestNG.java:115)
at org.testng.remote.RemoteTestNG.initAndRun(RemoteTestNG.java:251)
at org.testng.remote.RemoteTestNG.main(RemoteTestNG.java:77)
]]>
            </full-stacktrace>
          </exception> <!-- java.lang.Throwable -->
          <reporter-output>
          </reporter-output>
        </test-method> <!-- skipThisTest -->
      </class> <!-- tests.HTTPTutorialPageTests -->
    </test> <!-- Default test -->
  </suite> <!-- Default suite -->
</testng-results>
